<?xml version="1.0" encoding="UTF-8"?>
<testng-results ignored="0" total="1" passed="0" failed="1" skipped="0">
  <reporter-output>
  </reporter-output>
  <suite started-at="2021-09-21T23:27:33 IST" name="Default suite" finished-at="2021-09-21T23:28:19 IST" duration-ms="45914">
    <groups>
      <group name="SmokeSuites">
        <method signature="TC_07_createLeadByDiffrentIndustryTest.loginTest()[pri:0, instance:com.crm.Vtiger.LeadsTest.TC_07_createLeadByDiffrentIndustryTest@18df8434]" name="loginTest" class="com.crm.Vtiger.LeadsTest.TC_07_createLeadByDiffrentIndustryTest"/>
      </group> <!-- SmokeSuites -->
    </groups>
    <test started-at="2021-09-21T23:27:33 IST" name="Default test" finished-at="2021-09-21T23:28:19 IST" duration-ms="45914">
      <class name="com.crm.Vtiger.LeadsTest.TC_07_createLeadByDiffrentIndustryTest">
        <test-method is-config="true" signature="connectToDb()[pri:0, instance:com.crm.Vtiger.LeadsTest.TC_07_createLeadByDiffrentIndustryTest@18df8434]" started-at="2021-09-21T23:27:33 IST" name="connectToDb" finished-at="2021-09-21T23:27:33 IST" duration-ms="22" status="PASS">
          <reporter-output>
          </reporter-output>
        </test-method> <!-- connectToDb -->
        <test-method is-config="true" signature="launchBrowser()[pri:0, instance:com.crm.Vtiger.LeadsTest.TC_07_createLeadByDiffrentIndustryTest@18df8434]" started-at="2021-09-21T23:27:33 IST" name="launchBrowser" finished-at="2021-09-21T23:27:38 IST" duration-ms="4782" status="PASS">
          <reporter-output>
          </reporter-output>
        </test-method> <!-- launchBrowser -->
        <test-method is-config="true" signature="loginToApp()[pri:0, instance:com.crm.Vtiger.LeadsTest.TC_07_createLeadByDiffrentIndustryTest@18df8434]" started-at="2021-09-21T23:27:38 IST" name="loginToApp" finished-at="2021-09-21T23:27:48 IST" duration-ms="9551" status="PASS">
          <reporter-output>
          </reporter-output>
        </test-method> <!-- loginToApp -->
        <test-method signature="loginTest()[pri:0, instance:com.crm.Vtiger.LeadsTest.TC_07_createLeadByDiffrentIndustryTest@18df8434]" started-at="2021-09-21T23:27:48 IST" name="loginTest" finished-at="2021-09-21T23:28:16 IST" duration-ms="28551" status="FAIL">
          <exception class="java.lang.AssertionError">
            <message>
              <![CDATA[expected [true] but found [false]]]>
            </message>
            <full-stacktrace>
              <![CDATA[java.lang.AssertionError: expected [true] but found [false]
at org.testng.Assert.fail(Assert.java:99)
at org.testng.Assert.failNotEquals(Assert.java:1037)
at org.testng.Assert.assertTrue(Assert.java:45)
at org.testng.Assert.assertTrue(Assert.java:55)
at com.crm.Vtiger.LeadsTest.TC_07_createLeadByDiffrentIndustryTest.loginTest(TC_07_createLeadByDiffrentIndustryTest.java:79)
at java.base/jdk.internal.reflect.NativeMethodAccessorImpl.invoke0(Native Method)
at java.base/jdk.internal.reflect.NativeMethodAccessorImpl.invoke(NativeMethodAccessorImpl.java:78)
at java.base/jdk.internal.reflect.DelegatingMethodAccessorImpl.invoke(DelegatingMethodAccessorImpl.java:43)
at java.base/java.lang.reflect.Method.invoke(Method.java:567)
at org.testng.internal.MethodInvocationHelper.invokeMethod(MethodInvocationHelper.java:133)
at org.testng.internal.TestInvoker.invokeMethod(TestInvoker.java:598)
at org.testng.internal.TestInvoker.invokeTestMethod(TestInvoker.java:173)
at org.testng.internal.MethodRunner.runInSequence(MethodRunner.java:46)
at org.testng.internal.TestInvoker$MethodInvocationAgent.invoke(TestInvoker.java:824)
at org.testng.internal.TestInvoker.invokeTestMethods(TestInvoker.java:146)
at org.testng.internal.TestMethodWorker.invokeTestMethods(TestMethodWorker.java:146)
at org.testng.internal.TestMethodWorker.run(TestMethodWorker.java:128)
at java.base/java.util.ArrayList.forEach(ArrayList.java:1511)
at org.testng.TestRunner.privateRun(TestRunner.java:794)
at org.testng.TestRunner.run(TestRunner.java:596)
at org.testng.SuiteRunner.runTest(SuiteRunner.java:377)
at org.testng.SuiteRunner.runSequentially(SuiteRunner.java:371)
at org.testng.SuiteRunner.privateRun(SuiteRunner.java:332)
at org.testng.SuiteRunner.run(SuiteRunner.java:276)
at org.testng.SuiteRunnerWorker.runSuite(SuiteRunnerWorker.java:53)
at org.testng.SuiteRunnerWorker.run(SuiteRunnerWorker.java:96)
at org.testng.TestNG.runSuitesSequentially(TestNG.java:1212)
at org.testng.TestNG.runSuitesLocally(TestNG.java:1134)
at org.testng.TestNG.runSuites(TestNG.java:1063)
at org.testng.TestNG.run(TestNG.java:1031)
at org.testng.remote.AbstractRemoteTestNG.run(AbstractRemoteTestNG.java:115)
at org.testng.remote.RemoteTestNG.initAndRun(RemoteTestNG.java:251)
at org.testng.remote.RemoteTestNG.main(RemoteTestNG.java:77)
]]>
            </full-stacktrace>
          </exception> <!-- java.lang.AssertionError -->
          <reporter-output>
          </reporter-output>
        </test-method> <!-- loginTest -->
        <test-method is-config="true" signature="logOutOfApp()[pri:0, instance:com.crm.Vtiger.LeadsTest.TC_07_createLeadByDiffrentIndustryTest@18df8434]" started-at="2021-09-21T23:28:16 IST" name="logOutOfApp" finished-at="2021-09-21T23:28:19 IST" duration-ms="2759" status="PASS">
          <reporter-output>
          </reporter-output>
        </test-method> <!-- logOutOfApp -->
        <test-method is-config="true" signature="closeBrowser()[pri:0, instance:com.crm.Vtiger.LeadsTest.TC_07_createLeadByDiffrentIndustryTest@18df8434]" started-at="2021-09-21T23:28:19 IST" name="closeBrowser" finished-at="2021-09-21T23:28:19 IST" duration-ms="185" status="PASS">
          <reporter-output>
          </reporter-output>
        </test-method> <!-- closeBrowser -->
        <test-method is-config="true" signature="closeTheDB()[pri:0, instance:com.crm.Vtiger.LeadsTest.TC_07_createLeadByDiffrentIndustryTest@18df8434]" started-at="2021-09-21T23:28:19 IST" name="closeTheDB" finished-at="2021-09-21T23:28:19 IST" duration-ms="0" status="PASS">
          <reporter-output>
          </reporter-output>
        </test-method> <!-- closeTheDB -->
      </class> <!-- com.crm.Vtiger.LeadsTest.TC_07_createLeadByDiffrentIndustryTest -->
    </test> <!-- Default test -->
  </suite> <!-- Default suite -->
</testng-results>
